<?xml version="1.0" encoding="UTF-8"?>
<testsuites name="jest tests" tests="3" failures="3" errors="0" time="2.901">
  <testsuite name="Database Connection" errors="0" failures="3" skipped="0" timestamp="2025-03-27T18:48:01" time="0.987" tests="3">
    <testcase classname="Database Connection should create a MySQL connection pool with the correct configuration" name="Database Connection should create a MySQL connection pool with the correct configuration" time="0.009">
      <failure>Error: expect(jest.fn()).toHaveBeenCalledWith(...expected)

Expected: {&quot;charset&quot;: &quot;utf8mb4&quot;, &quot;connectionLimit&quot;: 10, &quot;database&quot;: &quot;khoclinic&quot;, &quot;host&quot;: &quot;localhost&quot;, &quot;password&quot;: &quot;newpass&quot;, &quot;queueLimit&quot;: 0, &quot;user&quot;: &quot;admin&quot;, &quot;waitForConnections&quot;: true}

Number of calls: 0
    at Object.toHaveBeenCalledWith (C:\Users\althe\Documents\codes\SE2-KVC-Backend\tests\config\db.test.js:29:34)
    at Promise.then.completed (C:\Users\althe\Documents\codes\SE2-KVC-Backend\node_modules\jest-circus\build\utils.js:298:28)
    at new Promise (&lt;anonymous&gt;)
    at callAsyncCircusFn (C:\Users\althe\Documents\codes\SE2-KVC-Backend\node_modules\jest-circus\build\utils.js:231:10)
    at _callCircusTest (C:\Users\althe\Documents\codes\SE2-KVC-Backend\node_modules\jest-circus\build\run.js:316:40)
    at _runTest (C:\Users\althe\Documents\codes\SE2-KVC-Backend\node_modules\jest-circus\build\run.js:252:3)
    at _runTestsForDescribeBlock (C:\Users\althe\Documents\codes\SE2-KVC-Backend\node_modules\jest-circus\build\run.js:126:9)
    at _runTestsForDescribeBlock (C:\Users\althe\Documents\codes\SE2-KVC-Backend\node_modules\jest-circus\build\run.js:121:9)
    at run (C:\Users\althe\Documents\codes\SE2-KVC-Backend\node_modules\jest-circus\build\run.js:71:3)
    at runAndTransformResultsToJestFormat (C:\Users\althe\Documents\codes\SE2-KVC-Backend\node_modules\jest-circus\build\legacy-code-todo-rewrite\jestAdapterInit.js:122:21)
    at jestAdapter (C:\Users\althe\Documents\codes\SE2-KVC-Backend\node_modules\jest-circus\build\legacy-code-todo-rewrite\jestAdapter.js:74:19)
    at runTestInternal (C:\Users\althe\Documents\codes\SE2-KVC-Backend\node_modules\jest-runner\build\runTest.js:281:16)
    at runTest (C:\Users\althe\Documents\codes\SE2-KVC-Backend\node_modules\jest-runner\build\runTest.js:341:7)</failure>
    </testcase>
    <testcase classname="Database Connection should successfully connect to the MySQL database" name="Database Connection should successfully connect to the MySQL database" time="0.128">
      <failure>Error: expect(jest.fn()).toHaveBeenCalled()

Expected number of calls: &gt;= 1
Received number of calls:    0
    at Object.toHaveBeenCalled (C:\Users\althe\Documents\codes\SE2-KVC-Backend\tests\config\db.test.js:48:40)
    at processTicksAndRejections (node:internal/process/task_queues:105:5)</failure>
    </testcase>
    <testcase classname="Database Connection should handle database connection failure" name="Database Connection should handle database connection failure" time="0.015">
      <failure>Error: expect(received).rejects.toThrow()

Received promise resolved instead of rejected
Resolved to value: {&quot;Promise&quot;: [Function Promise], &quot;_events&quot;: {&quot;newListener&quot;: [Function anonymous], &quot;removeListener&quot;: [Function anonymous]}, &quot;_eventsCount&quot;: 2, &quot;_maxListeners&quot;: undefined, &quot;connection&quot;: {&quot;_authPlugin&quot;: [Function anonymous], &quot;_command&quot;: undefined, &quot;_commands&quot;: {&quot;_capacity&quot;: undefined, &quot;_capacityMask&quot;: 3, &quot;_head&quot;: 0, &quot;_list&quot;: [, , , ], &quot;_tail&quot;: 0}, &quot;_events&quot;: {&quot;end&quot;: [Function bound onceWrapper], &quot;error&quot;: [[Function bound onceWrapper], [Function bound onceWrapper]]}, &quot;_eventsCount&quot;: 2, &quot;_fatalError&quot;: null, &quot;_handshakePacket&quot;: {&quot;autPluginName&quot;: &quot;caching_sha2_password&quot;, &quot;authPluginData1&quot;: {&quot;data&quot;: [Array], &quot;type&quot;: &quot;Buffer&quot;}, &quot;authPluginData2&quot;: {&quot;data&quot;: [Array], &quot;type&quot;: &quot;Buffer&quot;}, &quot;capabilityFlags&quot;: 3758096383, &quot;characterSet&quot;: 255, &quot;connectionId&quot;: 102, &quot;protocolVersion&quot;: 10, &quot;serverVersion&quot;: &quot;8.0.41&quot;, &quot;statusFlags&quot;: 2}, &quot;_internalId&quot;: 2, &quot;_maxListeners&quot;: undefined, &quot;_outOfOrderPackets&quot;: [], &quot;_paused&quot;: false, &quot;_paused_packets&quot;: {&quot;_capacity&quot;: undefined, &quot;_capacityMask&quot;: 3, &quot;_head&quot;: 0, &quot;_list&quot;: [, , , ], &quot;_tail&quot;: 0}, &quot;_pool&quot;: {&quot;_allConnections&quot;: {&quot;_capacity&quot;: undefined, &quot;_capacityMask&quot;: 3, &quot;_head&quot;: 0, &quot;_list&quot;: [[PoolConnection], [PoolConnection], [Circular], ], &quot;_tail&quot;: 3}, &quot;_closed&quot;: false, &quot;_connectionQueue&quot;: {&quot;_capacity&quot;: undefined, &quot;_capacityMask&quot;: 3, &quot;_head&quot;: 0, &quot;_list&quot;: [, , , ], &quot;_tail&quot;: 0}, &quot;_events&quot;: {}, &quot;_eventsCount&quot;: 0, &quot;_freeConnections&quot;: {&quot;_capacity&quot;: undefined, &quot;_capacityMask&quot;: 3, &quot;_head&quot;: 0, &quot;_list&quot;: [[PoolConnection], , , ], &quot;_tail&quot;: 1}, &quot;_maxListeners&quot;: undefined, &quot;config&quot;: {&quot;connectionConfig&quot;: {&quot;authPlugins&quot;: undefined, &quot;authSwitchHandler&quot;: undefined, &quot;bigNumberStrings&quot;: false, &quot;charsetNumber&quot;: 45, &quot;clientFlags&quot;: 12252111, &quot;compress&quot;: false, &quot;connectAttributes&quot;: [Object], &quot;connectTimeout&quot;: 10000, &quot;database&quot;: &quot;khoclinic&quot;, &quot;dateStrings&quot;: false, &quot;debug&quot;: undefined, &quot;decimalNumbers&quot;: false, &quot;enableKeepAlive&quot;: true, &quot;host&quot;: &quot;localhost&quot;, &quot;infileStreamFactory&quot;: undefined, &quot;insecureAuth&quot;: false, &quot;isServer&quot;: undefined, &quot;jsonStrings&quot;: false, &quot;keepAliveInitialDelay&quot;: undefined, &quot;localAddress&quot;: undefined, &quot;maxPacketSize&quot;: 0, &quot;maxPreparedStatements&quot;: 16000, &quot;multipleStatements&quot;: false, &quot;namedPlaceholders&quot;: false, &quot;nestTables&quot;: undefined, &quot;password&quot;: &quot;newpass&quot;, &quot;password2&quot;: undefined, &quot;password3&quot;: undefined, &quot;passwordSha1&quot;: undefined, &quot;pool&quot;: [Circular], &quot;port&quot;: 3306, &quot;queryFormat&quot;: undefined, &quot;rowsAsArray&quot;: false, &quot;socketPath&quot;: undefined, &quot;ssl&quot;: false, &quot;stream&quot;: undefined, &quot;stringifyObjects&quot;: false, &quot;supportBigNumbers&quot;: false, &quot;timezone&quot;: &quot;local&quot;, &quot;trace&quot;: true, &quot;typeCast&quot;: true, &quot;user&quot;: &quot;admin&quot;}, &quot;connectionLimit&quot;: 10, &quot;idleTimeout&quot;: 60000, &quot;maxIdle&quot;: 10, &quot;queueLimit&quot;: 0, &quot;waitForConnections&quot;: true}, Symbol(shapeMode): false, Symbol(kCapture): false}, &quot;_protocolError&quot;: null, &quot;_statements&quot;: {&quot;available&quot;: 16000, &quot;clear&quot;: [Function clear], &quot;delete&quot;: [Function delete], &quot;entries&quot;: [Function entries], &quot;evict&quot;: [Function evict], &quot;forEach&quot;: [Function forEach], &quot;get&quot;: [Function get], &quot;has&quot;: [Function has], &quot;keys&quot;: [Function keys], &quot;max&quot;: 16000, &quot;peek&quot;: [Function peek], &quot;resize&quot;: [Function resize], &quot;set&quot;: [Function set], &quot;size&quot;: 0, &quot;values&quot;: [Function values]}, &quot;authorized&quot;: true, &quot;clientEncoding&quot;: &quot;utf8&quot;, &quot;compressedSequenceId&quot;: 0, &quot;config&quot;: {&quot;authPlugins&quot;: undefined, &quot;authSwitchHandler&quot;: undefined, &quot;bigNumberStrings&quot;: false, &quot;charsetNumber&quot;: 45, &quot;clientFlags&quot;: 12252111, &quot;compress&quot;: false, &quot;connectAttributes&quot;: {&quot;_client_name&quot;: &quot;Node-MySQL-2&quot;, &quot;_client_version&quot;: &quot;3.12.0&quot;}, &quot;connectTimeout&quot;: 10000, &quot;database&quot;: &quot;khoclinic&quot;, &quot;dateStrings&quot;: false, &quot;debug&quot;: undefined, &quot;decimalNumbers&quot;: false, &quot;enableKeepAlive&quot;: true, &quot;host&quot;: &quot;localhost&quot;, &quot;infileStreamFactory&quot;: undefined, &quot;insecureAuth&quot;: false, &quot;isServer&quot;: undefined, &quot;jsonStrings&quot;: false, &quot;keepAliveInitialDelay&quot;: undefined, &quot;localAddress&quot;: undefined, &quot;maxPacketSize&quot;: 0, &quot;maxPreparedStatements&quot;: 16000, &quot;multipleStatements&quot;: false, &quot;namedPlaceholders&quot;: false, &quot;nestTables&quot;: undefined, &quot;password&quot;: &quot;newpass&quot;, &quot;password2&quot;: undefined, &quot;password3&quot;: undefined, &quot;passwordSha1&quot;: undefined, &quot;pool&quot;: {&quot;_allConnections&quot;: {&quot;_capacity&quot;: undefined, &quot;_capacityMask&quot;: 3, &quot;_head&quot;: 0, &quot;_list&quot;: [Array], &quot;_tail&quot;: 3}, &quot;_closed&quot;: false, &quot;_connectionQueue&quot;: {&quot;_capacity&quot;: undefined, &quot;_capacityMask&quot;: 3, &quot;_head&quot;: 0, &quot;_list&quot;: [Array], &quot;_tail&quot;: 0}, &quot;_events&quot;: {}, &quot;_eventsCount&quot;: 0, &quot;_freeConnections&quot;: {&quot;_capacity&quot;: undefined, &quot;_capacityMask&quot;: 3, &quot;_head&quot;: 0, &quot;_list&quot;: [Array], &quot;_tail&quot;: 1}, &quot;_maxListeners&quot;: undefined, &quot;config&quot;: {&quot;connectionConfig&quot;: [Circular], &quot;connectionLimit&quot;: 10, &quot;idleTimeout&quot;: 60000, &quot;maxIdle&quot;: 10, &quot;queueLimit&quot;: 0, &quot;waitForConnections&quot;: true}, Symbol(shapeMode): false, Symbol(kCapture): false}, &quot;port&quot;: 3306, &quot;queryFormat&quot;: undefined, &quot;rowsAsArray&quot;: false, &quot;socketPath&quot;: undefined, &quot;ssl&quot;: false, &quot;stream&quot;: undefined, &quot;stringifyObjects&quot;: false, &quot;supportBigNumbers&quot;: false, &quot;timezone&quot;: &quot;local&quot;, &quot;trace&quot;: true, &quot;typeCast&quot;: true, &quot;user&quot;: &quot;admin&quot;}, &quot;connectTimeout&quot;: null, &quot;connectionId&quot;: 102, &quot;lastActiveTime&quot;: 1743101282859, &quot;packetParser&quot;: {&quot;_flushLargePacket&quot;: [Function _flushLargePacket4], &quot;buffer&quot;: [], &quot;bufferLength&quot;: 0, &quot;execute&quot;: [Function executeStart], &quot;firstPacketSequenceId&quot;: 0, &quot;headerLen&quot;: 0, &quot;largePacketParts&quot;: [], &quot;length&quot;: 21, &quot;onPacket&quot;: [Function anonymous], &quot;packetHeaderLength&quot;: 4}, &quot;sequenceId&quot;: 6, &quot;serverCapabilityFlags&quot;: 3758096383, &quot;serverEncoding&quot;: &quot;utf8&quot;, &quot;stream&quot;: {&quot;_closeAfterHandlingError&quot;: false, &quot;_events&quot;: {&quot;close&quot;: [Function anonymous], &quot;connect&quot;: [Function anonymous], &quot;data&quot;: [Function anonymous], &quot;drain&quot;: undefined, &quot;end&quot;: [[Function onReadableStreamEnd], [Function anonymous]], &quot;error&quot;: [Function bound _handleNetworkError], &quot;finish&quot;: undefined, &quot;prefinish&quot;: undefined, &quot;readable&quot;: undefined}, &quot;_eventsCount&quot;: 5, &quot;_hadError&quot;: false, &quot;_host&quot;: &quot;localhost&quot;, &quot;_maxListeners&quot;: undefined, &quot;_parent&quot;: null, &quot;_pendingData&quot;: null, &quot;_pendingEncoding&quot;: &quot;&quot;, &quot;_readableState&quot;: {&quot;awaitDrainWriters&quot;: null, &quot;buffer&quot;: [], &quot;bufferIndex&quot;: 0, &quot;highWaterMark&quot;: 16384, &quot;length&quot;: 0, &quot;pipes&quot;: [], Symbol(kState): 194521348}, &quot;_server&quot;: null, &quot;_sockname&quot;: null, &quot;_writableState&quot;: {&quot;bufferedIndex&quot;: 0, &quot;corked&quot;: 0, &quot;highWaterMark&quot;: 16384, &quot;length&quot;: 0, &quot;onwrite&quot;: [Function bound onwrite], &quot;pendingcb&quot;: 0, &quot;writelen&quot;: 0, Symbol(kState): 17563908, Symbol(kBufferedValue): null, Symbol(kWriteCbValue): null, Symbol(kAfterWriteTickInfoValue): null}, &quot;allowHalfOpen&quot;: false, &quot;autoSelectFamilyAttemptedAddresses&quot;: [&quot;::1:3306&quot;], &quot;connecting&quot;: false, &quot;server&quot;: null, Symbol(async_id_symbol): 821, Symbol(kHandle): {&quot;onconnection&quot;: null, &quot;reading&quot;: true, Symbol(owner_symbol): [Circular]}, Symbol(lastWriteQueueSize): 0, Symbol(timeout): null, Symbol(kBuffer): null, Symbol(kBufferCb): null, Symbol(kBufferGen): null, Symbol(shapeMode): true, Symbol(kCapture): false, Symbol(kSetNoDelay): true, Symbol(kSetKeepAlive): true, Symbol(kSetKeepAliveInitialDelay): 0, Symbol(kBytesRead): 0, Symbol(kBytesWritten): 0}, &quot;threadId&quot;: 102, Symbol(shapeMode): false, Symbol(kCapture): false}, Symbol(shapeMode): false, Symbol(kCapture): false}
    at expect (C:\Users\althe\Documents\codes\SE2-KVC-Backend\node_modules\expect\build\index.js:113:15)
    at Object.expect (C:\Users\althe\Documents\codes\SE2-KVC-Backend\tests\config\db.test.js:61:15)
    at Promise.then.completed (C:\Users\althe\Documents\codes\SE2-KVC-Backend\node_modules\jest-circus\build\utils.js:298:28)
    at new Promise (&lt;anonymous&gt;)
    at callAsyncCircusFn (C:\Users\althe\Documents\codes\SE2-KVC-Backend\node_modules\jest-circus\build\utils.js:231:10)
    at _callCircusTest (C:\Users\althe\Documents\codes\SE2-KVC-Backend\node_modules\jest-circus\build\run.js:316:40)
    at processTicksAndRejections (node:internal/process/task_queues:105:5)
    at _runTest (C:\Users\althe\Documents\codes\SE2-KVC-Backend\node_modules\jest-circus\build\run.js:252:3)
    at _runTestsForDescribeBlock (C:\Users\althe\Documents\codes\SE2-KVC-Backend\node_modules\jest-circus\build\run.js:126:9)
    at _runTestsForDescribeBlock (C:\Users\althe\Documents\codes\SE2-KVC-Backend\node_modules\jest-circus\build\run.js:121:9)
    at run (C:\Users\althe\Documents\codes\SE2-KVC-Backend\node_modules\jest-circus\build\run.js:71:3)
    at runAndTransformResultsToJestFormat (C:\Users\althe\Documents\codes\SE2-KVC-Backend\node_modules\jest-circus\build\legacy-code-todo-rewrite\jestAdapterInit.js:122:21)
    at jestAdapter (C:\Users\althe\Documents\codes\SE2-KVC-Backend\node_modules\jest-circus\build\legacy-code-todo-rewrite\jestAdapter.js:74:19)
    at runTestInternal (C:\Users\althe\Documents\codes\SE2-KVC-Backend\node_modules\jest-runner\build\runTest.js:281:16)
    at runTest (C:\Users\althe\Documents\codes\SE2-KVC-Backend\node_modules\jest-runner\build\runTest.js:341:7)</failure>
    </testcase>
  </testsuite>
</testsuites>