TN:
SF:server\controllers\authController.js
FN:6,(anonymous_0)
FN:9,(anonymous_1)
FN:18,(anonymous_2)
FNF:3
FNH:3
FNDA:54,(anonymous_0)
FNDA:1,(anonymous_1)
FNDA:6,(anonymous_2)
DA:2,6
DA:3,6
DA:4,6
DA:5,6
DA:6,54
DA:9,6
DA:10,1
DA:11,1
DA:16,6
DA:18,6
DA:19,6
DA:20,6
DA:21,6
DA:22,6
DA:29,6
DA:32,6
DA:37,1
DA:38,1
DA:40,5
DA:41,5
DA:44,5
DA:45,5
DA:47,4
DA:59,4
DA:60,4
DA:62,4
DA:64,3
DA:67,3
DA:69,3
DA:71,2
DA:75,1
DA:80,1
DA:83,1
DA:89,3
DA:90,2
DA:93,2
DA:95,1
DA:98,1
DA:101,1
DA:102,1
DA:105,1
DA:106,1
DA:112,1
DA:115,1
DA:116,1
DA:120,1
DA:123,2
DA:126,2
DA:127,2
LF:49
LH:49
BRDA:6,0,0,54
BRDA:6,0,1,54
BRDA:11,1,0,1
BRDA:11,1,1,0
BRDA:24,2,0,6
BRDA:24,2,1,0
BRDA:32,3,0,1
BRDA:32,3,1,5
BRDA:33,4,0,6
BRDA:33,4,1,6
BRDA:33,4,2,6
BRDA:49,5,0,3
BRDA:49,5,1,1
BRDA:62,6,0,3
BRDA:62,6,1,1
BRDA:62,7,0,4
BRDA:62,7,1,3
BRDA:89,8,0,2
BRDA:89,8,1,1
BRDA:89,9,0,3
BRDA:89,9,1,2
BRF:21
BRH:19
end_of_record
TN:
SF:server\controllers\petController.js
FN:5,(anonymous_0)
FN:19,(anonymous_1)
FN:119,(anonymous_2)
FN:136,(anonymous_3)
FN:153,(anonymous_4)
FN:163,(anonymous_5)
FNF:6
FNH:6
FNDA:2,(anonymous_0)
FNDA:3,(anonymous_1)
FNDA:2,(anonymous_2)
FNDA:2,(anonymous_3)
FNDA:1,(anonymous_4)
FNDA:1,(anonymous_5)
DA:1,1
DA:2,1
DA:5,1
DA:6,2
DA:7,2
DA:9,2
DA:11,2
DA:13,2
DA:14,2
DA:15,1
DA:18,1
DA:19,1
DA:20,3
DA:25,3
DA:29,1
DA:31,1
DA:34,1
DA:35,1
DA:36,1
DA:37,0
DA:42,1
DA:43,1
DA:44,1
DA:46,1
DA:48,0
DA:49,0
DA:52,1
DA:56,1
DA:61,0
DA:63,0
DA:64,0
DA:65,0
DA:66,0
DA:68,0
DA:72,0
DA:80,0
DA:84,0
DA:88,0
DA:89,0
DA:91,0
DA:92,0
DA:93,0
DA:101,0
DA:102,0
DA:105,0
DA:106,0
DA:108,0
DA:109,0
DA:112,0
DA:114,0
DA:115,0
DA:119,1
DA:120,2
DA:122,2
DA:123,2
DA:124,2
DA:125,1
DA:128,1
DA:129,1
DA:131,0
DA:132,0
DA:136,1
DA:137,2
DA:139,2
DA:140,2
DA:141,2
DA:142,1
DA:145,1
DA:146,1
DA:148,0
DA:149,0
DA:153,1
DA:154,1
DA:156,1
DA:157,1
DA:159,0
DA:163,1
DA:164,1
DA:166,1
DA:167,1
DA:169,0
LF:81
LH:49
BRDA:14,0,0,1
BRDA:14,0,1,1
BRDA:20,1,0,3
BRDA:20,1,1,0
BRDA:21,2,0,3
BRDA:21,2,1,3
BRDA:21,2,2,3
BRDA:31,3,0,1
BRDA:31,3,1,0
BRDA:34,4,0,1
BRDA:34,4,1,0
BRDA:36,5,0,0
BRDA:36,5,1,1
BRDA:46,6,0,0
BRDA:46,6,1,1
BRDA:52,7,0,1
BRDA:52,7,1,0
BRDA:53,8,0,1
BRDA:53,8,1,0
BRDA:61,9,0,0
BRDA:61,9,1,0
BRDA:64,10,0,0
BRDA:64,10,1,0
BRDA:68,11,0,0
BRDA:68,11,1,0
BRDA:69,12,0,0
BRDA:69,12,1,0
BRDA:80,13,0,0
BRDA:80,13,1,0
BRDA:81,14,0,0
BRDA:81,14,1,0
BRDA:88,15,0,0
BRDA:88,15,1,0
BRDA:92,16,0,0
BRDA:92,16,1,0
BRDA:101,17,0,0
BRDA:101,17,1,0
BRDA:105,18,0,0
BRDA:105,18,1,0
BRDA:124,19,0,1
BRDA:124,19,1,1
BRDA:141,20,0,1
BRDA:141,20,1,1
BRF:43
BRH:16
end_of_record
TN:
SF:server\controllers\recordController.js
FN:12,(anonymous_0)
FN:88,(anonymous_1)
FN:228,(anonymous_2)
FN:250,(anonymous_3)
FNF:4
FNH:4
FNDA:5,(anonymous_0)
FNDA:7,(anonymous_1)
FNDA:3,(anonymous_2)
FNDA:2,(anonymous_3)
DA:6,1
DA:8,1
DA:9,1
DA:12,1
DA:13,5
DA:15,5
DA:16,0
DA:17,0
DA:19,5
DA:20,5
DA:23,5
DA:24,0
DA:31,5
DA:35,5
DA:36,1
DA:37,1
DA:41,4
DA:42,1
DA:45,3
DA:46,3
DA:47,3
DA:48,3
DA:49,1
DA:53,2
DA:54,2
DA:55,1
DA:58,2
DA:59,2
DA:60,2
DA:63,2
DA:69,2
DA:72,2
DA:73,0
DA:77,2
DA:78,2
DA:81,2
DA:83,0
DA:84,0
DA:88,1
DA:89,7
DA:90,7
DA:91,7
DA:96,7
DA:98,7
DA:99,7
DA:100,1
DA:105,6
DA:108,4
DA:109,2
DA:114,2
DA:116,2
DA:122,4
DA:136,4
DA:140,4
DA:141,4
DA:142,0
DA:143,0
DA:144,0
DA:146,0
DA:147,0
DA:148,0
DA:149,0
DA:155,4
DA:156,4
DA:157,4
DA:158,2
DA:159,2
DA:161,2
DA:162,2
DA:168,0
DA:169,0
DA:173,4
DA:174,4
DA:175,4
DA:176,2
DA:177,2
DA:178,2
DA:180,2
DA:181,2
DA:182,2
DA:186,0
DA:194,4
DA:197,0
DA:198,0
DA:199,0
DA:201,4
DA:204,4
DA:210,4
DA:211,4
DA:213,4
DA:214,0
DA:215,0
DA:219,4
DA:222,0
DA:223,0
DA:228,1
DA:229,3
DA:230,3
DA:231,0
DA:232,0
DA:235,3
DA:236,3
DA:238,3
DA:239,3
DA:240,1
DA:241,1
DA:244,2
DA:245,2
DA:247,2
DA:250,2
DA:251,2
DA:252,0
DA:254,0
DA:257,2
DA:258,2
DA:263,0
DA:264,0
DA:265,0
DA:267,0
DA:273,1
LF:120
LH:89
BRDA:15,0,0,0
BRDA:15,0,1,5
BRDA:15,1,0,5
BRDA:15,1,1,5
BRDA:23,2,0,0
BRDA:23,2,1,5
BRDA:35,3,0,1
BRDA:35,3,1,4
BRDA:35,4,0,5
BRDA:35,4,1,5
BRDA:35,4,2,4
BRDA:35,4,3,4
BRDA:35,4,4,4
BRDA:35,4,5,4
BRDA:35,4,6,4
BRDA:35,4,7,4
BRDA:35,4,8,4
BRDA:35,4,9,4
BRDA:41,5,0,1
BRDA:41,5,1,3
BRDA:41,6,0,4
BRDA:41,6,1,2
BRDA:46,7,0,3
BRDA:46,7,1,0
BRDA:48,8,0,1
BRDA:48,8,1,2
BRDA:54,9,0,1
BRDA:54,9,1,1
BRDA:54,10,0,2
BRDA:54,10,1,1
BRDA:59,11,0,2
BRDA:59,11,1,0
BRDA:59,12,0,2
BRDA:59,12,1,2
BRDA:72,13,0,0
BRDA:72,13,1,2
BRDA:77,14,0,2
BRDA:77,14,1,0
BRDA:99,15,0,1
BRDA:99,15,1,6
BRDA:105,16,0,4
BRDA:105,16,1,2
BRDA:105,17,0,6
BRDA:105,17,1,4
BRDA:108,18,0,2
BRDA:108,18,1,2
BRDA:108,19,0,4
BRDA:108,19,1,4
BRDA:108,19,2,2
BRDA:123,20,0,0
BRDA:123,20,1,4
BRDA:124,21,0,1
BRDA:124,21,1,3
BRDA:125,22,0,0
BRDA:125,22,1,4
BRDA:126,23,0,1
BRDA:126,23,1,3
BRDA:127,24,0,0
BRDA:127,24,1,4
BRDA:128,25,0,0
BRDA:128,25,1,4
BRDA:129,26,0,0
BRDA:129,26,1,4
BRDA:130,27,0,0
BRDA:130,27,1,4
BRDA:141,28,0,0
BRDA:141,28,1,4
BRDA:143,29,0,0
BRDA:143,29,1,0
BRDA:146,30,0,0
BRDA:146,30,1,0
BRDA:155,31,0,4
BRDA:155,31,1,0
BRDA:157,32,0,2
BRDA:157,32,1,2
BRDA:159,33,0,2
BRDA:159,33,1,0
BRDA:161,34,0,2
BRDA:161,34,1,0
BRDA:161,35,0,2
BRDA:161,35,1,2
BRDA:161,35,2,2
BRDA:173,36,0,4
BRDA:173,36,1,0
BRDA:175,37,0,2
BRDA:175,37,1,2
BRDA:194,38,0,0
BRDA:194,38,1,4
BRDA:194,39,0,4
BRDA:194,39,1,0
BRDA:213,40,0,0
BRDA:213,40,1,4
BRDA:230,41,0,0
BRDA:230,41,1,3
BRDA:239,42,0,1
BRDA:239,42,1,2
BRDA:251,43,0,0
BRDA:251,43,1,2
BRDA:264,44,0,0
BRDA:264,44,1,0
BRF:100
BRH:72
end_of_record
TN:
SF:server\controllers\usersController.js
FN:9,(anonymous_0)
FN:41,(anonymous_1)
FN:76,(anonymous_2)
FNF:3
FNH:3
FNDA:2,(anonymous_0)
FNDA:2,(anonymous_1)
FNDA:5,(anonymous_2)
DA:1,1
DA:2,1
DA:3,1
DA:4,1
DA:7,1
DA:10,2
DA:11,2
DA:13,2
DA:14,2
DA:16,2
DA:18,2
DA:21,2
DA:28,2
DA:30,1
DA:32,1
DA:33,1
DA:39,1
DA:42,2
DA:43,2
DA:45,2
DA:46,2
DA:48,2
DA:50,2
DA:51,2
DA:54,2
DA:64,2
DA:66,1
DA:68,1
DA:69,1
DA:74,1
DA:77,5
DA:81,5
DA:83,1
DA:88,4
DA:91,4
DA:92,1
DA:95,3
DA:96,1
DA:99,2
DA:101,2
DA:103,2
DA:105,0
DA:106,0
DA:110,2
DA:112,2
DA:113,1
DA:117,1
DA:120,1
DA:122,1
DA:124,0
DA:125,0
LF:51
LH:47
BRDA:22,0,0,2
BRDA:22,0,1,0
BRDA:23,1,0,2
BRDA:23,1,1,1
BRDA:24,2,0,2
BRDA:24,2,1,1
BRDA:25,3,0,2
BRDA:25,3,1,1
BRDA:55,4,0,2
BRDA:55,4,1,0
BRDA:56,5,0,2
BRDA:56,5,1,1
BRDA:57,6,0,2
BRDA:57,6,1,1
BRDA:58,7,0,2
BRDA:58,7,1,1
BRDA:59,8,0,2
BRDA:59,8,1,1
BRDA:60,9,0,2
BRDA:60,9,1,1
BRDA:61,10,0,2
BRDA:61,10,1,1
BRDA:81,11,0,1
BRDA:81,11,1,4
BRDA:81,12,0,5
BRDA:81,12,1,4
BRDA:91,13,0,1
BRDA:91,13,1,3
BRDA:91,14,0,4
BRDA:91,14,1,4
BRDA:91,14,2,3
BRDA:95,15,0,1
BRDA:95,15,1,2
BRDA:103,16,0,0
BRDA:103,16,1,2
BRDA:112,17,0,1
BRDA:112,17,1,1
BRF:37
BRH:34
end_of_record
TN:
SF:server\controllers\vaccineController.js
FN:3,(anonymous_0)
FNF:1
FNH:1
FNDA:4,(anonymous_0)
DA:1,1
DA:3,1
DA:4,4
DA:5,4
DA:8,4
DA:9,1
DA:12,3
DA:14,3
DA:15,2
DA:16,1
DA:19,1
DA:22,1
DA:23,1
DA:26,1
DA:27,1
LF:15
LH:15
BRDA:8,0,0,1
BRDA:8,0,1,3
BRDA:8,1,0,4
BRDA:8,1,1,4
BRDA:15,2,0,1
BRDA:15,2,1,1
BRF:6
BRH:6
end_of_record
TN:
SF:server\models\petModel.js
FN:4,(anonymous_0)
FN:9,(anonymous_1)
FN:14,(anonymous_2)
FN:24,(anonymous_3)
FN:28,(anonymous_4)
FN:29,(anonymous_5)
FN:38,(anonymous_6)
FN:42,(anonymous_7)
FN:46,(anonymous_8)
FN:50,(anonymous_9)
FN:55,(anonymous_10)
FNF:11
FNH:11
FNDA:2,(anonymous_0)
FNDA:2,(anonymous_1)
FNDA:1,(anonymous_2)
FNDA:1,(anonymous_3)
FNDA:2,(anonymous_4)
FNDA:2,(anonymous_5)
FNDA:1,(anonymous_6)
FNDA:1,(anonymous_7)
FNDA:1,(anonymous_8)
FNDA:1,(anonymous_9)
FNDA:1,(anonymous_10)
DA:1,2
DA:5,2
DA:6,2
DA:10,2
DA:11,2
DA:15,1
DA:19,1
DA:20,1
DA:21,1
DA:25,1
DA:26,1
DA:28,2
DA:29,2
DA:31,1
DA:32,1
DA:34,1
DA:35,1
DA:39,1
DA:43,1
DA:47,1
DA:51,1
DA:52,1
DA:56,1
DA:57,1
DA:61,2
LF:25
LH:25
BRDA:6,0,0,1
BRDA:6,0,1,1
BRDA:11,1,0,1
BRDA:11,1,1,1
BRDA:26,2,0,0
BRDA:26,2,1,1
BRF:6
BRH:5
end_of_record
TN:
SF:server\models\recordModel.js
FN:3,(anonymous_0)
FN:8,(anonymous_1)
FN:13,(anonymous_2)
FN:23,(anonymous_3)
FN:28,(anonymous_4)
FN:39,(anonymous_5)
FN:58,(anonymous_6)
FN:78,(anonymous_7)
FN:83,(anonymous_8)
FN:87,(anonymous_9)
FN:92,(anonymous_10)
FNF:11
FNH:11
FNDA:1,(anonymous_0)
FNDA:2,(anonymous_1)
FNDA:1,(anonymous_2)
FNDA:1,(anonymous_3)
FNDA:1,(anonymous_4)
FNDA:1,(anonymous_5)
FNDA:9,(anonymous_6)
FNDA:2,(anonymous_7)
FNDA:1,(anonymous_8)
FNDA:1,(anonymous_9)
FNDA:1,(anonymous_10)
DA:1,2
DA:3,2
DA:4,1
DA:5,1
DA:8,2
DA:9,2
DA:10,2
DA:13,2
DA:14,1
DA:18,1
DA:19,1
DA:23,2
DA:24,1
DA:25,1
DA:28,2
DA:29,1
DA:30,1
DA:36,1
DA:39,2
DA:41,1
DA:47,1
DA:48,0
DA:51,1
DA:52,1
DA:54,1
DA:55,0
DA:58,9
DA:60,1
DA:61,1
DA:62,1
DA:64,1
DA:69,1
DA:70,1
DA:78,2
DA:79,2
DA:80,2
DA:83,2
DA:84,1
DA:87,2
DA:88,1
DA:89,1
DA:92,2
DA:93,1
DA:94,1
DA:95,1
DA:99,1
DA:100,1
DA:102,0
DA:103,0
DA:108,2
LF:50
LH:46
BRDA:10,0,0,1
BRDA:10,0,1,1
BRDA:47,1,0,0
BRDA:47,1,1,1
BRDA:54,2,0,0
BRDA:54,2,1,1
BRDA:80,3,0,1
BRDA:80,3,1,1
BRF:8
BRH:6
end_of_record
TN:
SF:server\models\userModel.js
FN:5,(anonymous_0)
FN:12,(anonymous_1)
FN:19,(anonymous_2)
FN:27,(anonymous_3)
FN:34,(anonymous_4)
FN:41,(anonymous_5)
FN:49,(anonymous_6)
FN:73,(anonymous_7)
FN:81,(anonymous_8)
FN:94,(anonymous_9)
FNF:10
FNH:10
FNDA:2,(anonymous_0)
FNDA:2,(anonymous_1)
FNDA:2,(anonymous_2)
FNDA:1,(anonymous_3)
FNDA:2,(anonymous_4)
FNDA:2,(anonymous_5)
FNDA:1,(anonymous_6)
FNDA:1,(anonymous_7)
FNDA:1,(anonymous_8)
FNDA:1,(anonymous_9)
DA:1,3
DA:2,3
DA:6,2
DA:9,2
DA:13,2
DA:16,2
DA:20,2
DA:24,2
DA:28,1
DA:36,2
DA:37,2
DA:38,2
DA:42,2
DA:46,2
DA:59,1
DA:63,1
DA:65,1
DA:70,1
DA:74,1
DA:78,1
DA:88,1
DA:104,1
DA:109,1
DA:116,3
LF:24
LH:24
BRDA:9,0,0,1
BRDA:9,0,1,1
BRDA:16,1,0,1
BRDA:16,1,1,1
BRDA:24,2,0,1
BRDA:24,2,1,1
BRDA:38,3,0,1
BRDA:38,3,1,1
BRF:8
BRH:8
end_of_record
TN:
SF:server\models\vaccineModel.js
FN:4,(anonymous_0)
FN:9,(anonymous_1)
FN:14,(anonymous_2)
FNF:3
FNH:3
FNDA:1,(anonymous_0)
FNDA:2,(anonymous_1)
FNDA:1,(anonymous_2)
DA:1,2
DA:5,1
DA:6,1
DA:10,2
DA:11,2
DA:15,1
DA:20,1
DA:24,2
LF:8
LH:8
BRDA:11,0,0,1
BRDA:11,0,1,1
BRF:2
BRH:2
end_of_record
TN:
SF:server\routes\authRoutes.js
FN:18,(anonymous_0)
FNF:1
FNH:1
FNDA:4,(anonymous_0)
DA:2,1
DA:3,1
DA:4,1
DA:5,1
DA:6,1
DA:7,1
DA:8,1
DA:10,1
DA:13,1
DA:14,1
DA:15,1
DA:18,1
DA:19,4
DA:21,4
DA:22,1
DA:25,3
DA:26,1
DA:29,2
DA:30,1
DA:33,1
DA:34,1
DA:38,1
DA:41,1
DA:42,1
DA:43,1
DA:44,1
DA:45,1
DA:46,1
DA:48,1
LF:29
LH:29
BRDA:21,0,0,1
BRDA:21,0,1,3
BRDA:25,1,0,1
BRDA:25,1,1,2
BRDA:29,2,0,1
BRDA:29,2,1,1
BRF:6
BRH:6
end_of_record
TN:
SF:server\routes\petRoutes.js
FNF:0
FNH:0
DA:1,1
DA:2,1
DA:3,1
DA:4,1
DA:7,1
DA:8,1
DA:9,1
DA:12,1
DA:13,1
DA:15,1
LF:10
LH:10
BRF:0
BRH:0
end_of_record
TN:
SF:server\routes\recordRoutes.js
FNF:0
FNH:0
DA:1,1
DA:2,1
DA:3,1
DA:5,1
DA:7,1
DA:8,1
DA:9,1
DA:11,1
LF:8
LH:8
BRF:0
BRH:0
end_of_record
TN:
SF:server\routes\usersRoutes.js
FNF:0
FNH:0
DA:1,1
DA:2,1
DA:3,1
DA:4,1
DA:7,1
DA:8,1
DA:11,1
DA:13,1
LF:8
LH:8
BRF:0
BRH:0
end_of_record
TN:
SF:server\routes\vaccineRoutes.js
FNF:0
FNH:0
DA:1,1
DA:2,1
DA:3,1
DA:4,1
DA:6,1
DA:13,1
LF:6
LH:6
BRF:0
BRH:0
end_of_record
